<html>
<head>
<title>TestNG:  Default test</title>
<link href="../testng.css" rel="stylesheet" type="text/css" />
<link href="../my-testng.css" rel="stylesheet" type="text/css" />

<style type="text/css">
.log { display: none;} 
.stack-trace { display: none;} 
</style>
<script type="text/javascript">
<!--
function flip(e) {
  current = e.style.display;
  if (current == 'block') {
    e.style.display = 'none';
    return 0;
  }
  else {
    e.style.display = 'block';
    return 1;
  }
}

function toggleBox(szDivId, elem, msg1, msg2)
{
  var res = -1;  if (document.getElementById) {
    res = flip(document.getElementById(szDivId));
  }
  else if (document.all) {
    // this is the way old msie versions work
    res = flip(document.all[szDivId]);
  }
  if(elem) {
    if(res == 0) elem.innerHTML = msg1; else elem.innerHTML = msg2;
  }

}

function toggleAllBoxes() {
  if (document.getElementsByTagName) {
    d = document.getElementsByTagName('div');
    for (i = 0; i < d.length; i++) {
      if (d[i].className == 'log') {
        flip(d[i]);
      }
    }
  }
}

// -->
</script>

</head>
<body>
<h2 align='center'>Default test</h2><table border='1' align="center">
<tr>
<td>Tests passed/Failed/Skipped:</td><td>24/2/0</td>
</tr><tr>
<td>Started on:</td><td>Tue Aug 26 16:06:48 IST 2014</td>
</tr>
<tr><td>Total time:</td><td>128 seconds (128843 ms)</td>
</tr><tr>
<td>Included groups:</td><td></td>
</tr><tr>
<td>Excluded groups:</td><td></td>
</tr>
</table><p/>
<small><i>(Hover the method name to see the test class name)</i></small><p/>
<table width='100%' border='1' class='invocation-failed'>
<tr><td colspan='4' align='center'><b>FAILED TESTS</b></td></tr>
<tr><td><b>Test method</b></td>
<td width="30%"><b>Exception</b></td>
<td width="10%"><b>Time (seconds)</b></td>
<td><b>Instance</b></td>
</tr>
<tr>
<td title='Tests.FiledValidation.city_verification_max()'><b>city_verification_max</b><br>Test class: Tests.FiledValidation</td>
<td><div><pre>java.lang.AssertionError: expected:&lt;&gt; but was:&lt;City may not exceed 128 characters&gt;
	at org.testng.AssertJUnit.assertEquals(AssertJUnit.java:101)
	at org.testng.AssertJUnit.assertEquals(AssertJUnit.java:108)
	at Tests.FiledValidation.city_verification_max(FiledValidation.java:456)
	at sun.reflect.NativeMethodAccessorImpl.invoke0(Native Method)
	at sun.reflect.NativeMethodAccessorImpl.invoke(Unknown Source)
	at sun.reflect.DelegatingMethodAccessorImpl.invoke(Unknown Source)
	at java.lang.reflect.Method.invoke(Unknown Source)
	at org.testng.internal.MethodInvocationHelper.invokeMethod(MethodInvocationHelper.java:84)
	at org.testng.internal.Invoker.invokeMethod(Invoker.java:714)
	at org.testng.internal.Invoker.invokeTestMethod(Invoker.java:901)
	at org.testng.internal.Invoker.invokeTestMethods(Invoker.java:1231)
	at org.testng.internal.TestMethodWorker.invokeTestMethods(TestMethodWorker.java:127)
	at org.testng.internal.TestMethodWorker.run(TestMethodWorker.java:111)
	at org.testng.TestRunner.privateRun(TestRunner.java:767)
	at org.testng.TestRunner.run(TestRunner.java:617)
	at org.testng.SuiteRunner.runTest(SuiteRunner.java:334)
	at org.testng.SuiteRunner.runSequentially(SuiteRunner.java:329)
	at org.testng.SuiteRunner.privateRun(SuiteRunner.java:291)
	at org.testng.SuiteRunner.run(SuiteRunner.java:240)
	at org.testng.SuiteRunnerWorker.runSuite(SuiteRunnerWorker.java:52)
	at org.testng.SuiteRunnerWorker.run(SuiteRunnerWorker.java:86)
	at org.testng.TestNG.runSuitesSequentially(TestNG.java:1224)
	at org.testng.TestNG.runSuitesLocally(TestNG.java:1149)
	at org.testng.TestNG.run(TestNG.java:1057)
	at org.testng.remote.RemoteTestNG.run(RemoteTestNG.java:111)
	at org.testng.remote.RemoteTestNG.initAndRun(RemoteTestNG.java:204)
	at org.testng.remote.RemoteTestNG.main(RemoteTestNG.java:175)
</pre></div><a href='#' onClick='toggleBox("stack-trace798310141", this, "Click to show all stack frames", "Click to hide stack frames")'>Click to show all stack frames</a>
<div class='stack-trace' id='stack-trace798310141'><pre>java.lang.AssertionError: expected:&lt;&gt; but was:&lt;City may not exceed 128 characters&gt;
	at org.testng.AssertJUnit.assertEquals(AssertJUnit.java:101)
	at org.testng.AssertJUnit.assertEquals(AssertJUnit.java:108)
	at Tests.FiledValidation.city_verification_max(FiledValidation.java:456)
	at sun.reflect.NativeMethodAccessorImpl.invoke0(Native Method)
	at sun.reflect.NativeMethodAccessorImpl.invoke(Unknown Source)
	at sun.reflect.DelegatingMethodAccessorImpl.invoke(Unknown Source)
	at java.lang.reflect.Method.invoke(Unknown Source)
	at org.testng.internal.MethodInvocationHelper.invokeMethod(MethodInvocationHelper.java:84)
	at org.testng.internal.Invoker.invokeMethod(Invoker.java:714)
	at org.testng.internal.Invoker.invokeTestMethod(Invoker.java:901)
	at org.testng.internal.Invoker.invokeTestMethods(Invoker.java:1231)
	at org.testng.internal.TestMethodWorker.invokeTestMethods(TestMethodWorker.java:127)
	at org.testng.internal.TestMethodWorker.run(TestMethodWorker.java:111)
	at org.testng.TestRunner.privateRun(TestRunner.java:767)
	at org.testng.TestRunner.run(TestRunner.java:617)
	at org.testng.SuiteRunner.runTest(SuiteRunner.java:334)
	at org.testng.SuiteRunner.runSequentially(SuiteRunner.java:329)
	at org.testng.SuiteRunner.privateRun(SuiteRunner.java:291)
	at org.testng.SuiteRunner.run(SuiteRunner.java:240)
	at org.testng.SuiteRunnerWorker.runSuite(SuiteRunnerWorker.java:52)
	at org.testng.SuiteRunnerWorker.run(SuiteRunnerWorker.java:86)
	at org.testng.TestNG.runSuitesSequentially(TestNG.java:1224)
	at org.testng.TestNG.runSuitesLocally(TestNG.java:1149)
	at org.testng.TestNG.run(TestNG.java:1057)
	at org.testng.remote.RemoteTestNG.run(RemoteTestNG.java:111)
	at org.testng.remote.RemoteTestNG.initAndRun(RemoteTestNG.java:204)
	at org.testng.remote.RemoteTestNG.main(RemoteTestNG.java:175)
</pre></div></td>
<td>3</td>
<td>Tests.FiledValidation@696da30b</td></tr>
<tr>
<td title='Tests.FiledValidation.city_verification_min()'><b>city_verification_min</b><br>Test class: Tests.FiledValidation</td>
<td><div><pre>java.lang.AssertionError: expected:&lt;true&gt; but was:&lt;false&gt;
	at org.testng.AssertJUnit.fail(AssertJUnit.java:59)
	at org.testng.AssertJUnit.failNotEquals(AssertJUnit.java:364)
	at org.testng.AssertJUnit.assertEquals(AssertJUnit.java:80)
	at org.testng.AssertJUnit.assertEquals(AssertJUnit.java:185)
	at org.testng.AssertJUnit.assertEquals(AssertJUnit.java:192)
	at Tests.FiledValidation.city_verification_min(FiledValidation.java:441)
	at sun.reflect.NativeMethodAccessorImpl.invoke0(Native Method)
	at sun.reflect.NativeMethodAccessorImpl.invoke(Unknown Source)
	at sun.reflect.DelegatingMethodAccessorImpl.invoke(Unknown Source)
	at java.lang.reflect.Method.invoke(Unknown Source)
	at org.testng.internal.MethodInvocationHelper.invokeMethod(MethodInvocationHelper.java:84)
	at org.testng.internal.Invoker.invokeMethod(Invoker.java:714)
	at org.testng.internal.Invoker.invokeTestMethod(Invoker.java:901)
	at org.testng.internal.Invoker.invokeTestMethods(Invoker.java:1231)
	at org.testng.internal.TestMethodWorker.invokeTestMethods(TestMethodWorker.java:127)
	at org.testng.internal.TestMethodWorker.run(TestMethodWorker.java:111)
	at org.testng.TestRunner.privateRun(TestRunner.java:767)
	at org.testng.TestRunner.run(TestRunner.java:617)
	at org.testng.SuiteRunner.runTest(SuiteRunner.java:334)
	at org.testng.SuiteRunner.runSequentially(SuiteRunner.java:329)
	at org.testng.SuiteRunner.privateRun(SuiteRunner.java:291)
	at org.testng.SuiteRunner.run(SuiteRunner.java:240)
	at org.testng.SuiteRunnerWorker.runSuite(SuiteRunnerWorker.java:52)
	at org.testng.SuiteRunnerWorker.run(SuiteRunnerWorker.java:86)
	at org.testng.TestNG.runSuitesSequentially(TestNG.java:1224)
	at org.testng.TestNG.runSuitesLocally(TestNG.java:1149)
	at org.testng.TestNG.run(TestNG.java:1057)
	at org.testng.remote.RemoteTestNG.run(RemoteTestNG.java:111)
	at org.testng.remote.RemoteTestNG.initAndRun(RemoteTestNG.java:204)
	at org.testng.remote.RemoteTestNG.main(RemoteTestNG.java:175)
</pre></div><a href='#' onClick='toggleBox("stack-trace2075952726", this, "Click to show all stack frames", "Click to hide stack frames")'>Click to show all stack frames</a>
<div class='stack-trace' id='stack-trace2075952726'><pre>java.lang.AssertionError: expected:&lt;true&gt; but was:&lt;false&gt;
	at org.testng.AssertJUnit.fail(AssertJUnit.java:59)
	at org.testng.AssertJUnit.failNotEquals(AssertJUnit.java:364)
	at org.testng.AssertJUnit.assertEquals(AssertJUnit.java:80)
	at org.testng.AssertJUnit.assertEquals(AssertJUnit.java:185)
	at org.testng.AssertJUnit.assertEquals(AssertJUnit.java:192)
	at Tests.FiledValidation.city_verification_min(FiledValidation.java:441)
	at sun.reflect.NativeMethodAccessorImpl.invoke0(Native Method)
	at sun.reflect.NativeMethodAccessorImpl.invoke(Unknown Source)
	at sun.reflect.DelegatingMethodAccessorImpl.invoke(Unknown Source)
	at java.lang.reflect.Method.invoke(Unknown Source)
	at org.testng.internal.MethodInvocationHelper.invokeMethod(MethodInvocationHelper.java:84)
	at org.testng.internal.Invoker.invokeMethod(Invoker.java:714)
	at org.testng.internal.Invoker.invokeTestMethod(Invoker.java:901)
	at org.testng.internal.Invoker.invokeTestMethods(Invoker.java:1231)
	at org.testng.internal.TestMethodWorker.invokeTestMethods(TestMethodWorker.java:127)
	at org.testng.internal.TestMethodWorker.run(TestMethodWorker.java:111)
	at org.testng.TestRunner.privateRun(TestRunner.java:767)
	at org.testng.TestRunner.run(TestRunner.java:617)
	at org.testng.SuiteRunner.runTest(SuiteRunner.java:334)
	at org.testng.SuiteRunner.runSequentially(SuiteRunner.java:329)
	at org.testng.SuiteRunner.privateRun(SuiteRunner.java:291)
	at org.testng.SuiteRunner.run(SuiteRunner.java:240)
	at org.testng.SuiteRunnerWorker.runSuite(SuiteRunnerWorker.java:52)
	at org.testng.SuiteRunnerWorker.run(SuiteRunnerWorker.java:86)
	at org.testng.TestNG.runSuitesSequentially(TestNG.java:1224)
	at org.testng.TestNG.runSuitesLocally(TestNG.java:1149)
	at org.testng.TestNG.run(TestNG.java:1057)
	at org.testng.remote.RemoteTestNG.run(RemoteTestNG.java:111)
	at org.testng.remote.RemoteTestNG.initAndRun(RemoteTestNG.java:204)
	at org.testng.remote.RemoteTestNG.main(RemoteTestNG.java:175)
</pre></div></td>
<td>5</td>
<td>Tests.FiledValidation@696da30b</td></tr>
</table><p>
<table width='100%' border='1' class='invocation-passed'>
<tr><td colspan='4' align='center'><b>PASSED TESTS</b></td></tr>
<tr><td><b>Test method</b></td>
<td width="30%"><b>Exception</b></td>
<td width="10%"><b>Time (seconds)</b></td>
<td><b>Instance</b></td>
</tr>
<tr>
<td title='Tests.FiledValidation.address1_verification_empty()'><b>address1_verification_empty</b><br>Test class: Tests.FiledValidation</td>
<td></td>
<td>2</td>
<td>Tests.FiledValidation@696da30b</td></tr>
<tr>
<td title='Tests.FiledValidation.address1_verification_max()'><b>address1_verification_max</b><br>Test class: Tests.FiledValidation</td>
<td></td>
<td>7</td>
<td>Tests.FiledValidation@696da30b</td></tr>
<tr>
<td title='Tests.FiledValidation.address1_verification_min()'><b>address1_verification_min</b><br>Test class: Tests.FiledValidation</td>
<td></td>
<td>5</td>
<td>Tests.FiledValidation@696da30b</td></tr>
<tr>
<td title='Tests.FiledValidation.address2_verification_max()'><b>address2_verification_max</b><br>Test class: Tests.FiledValidation</td>
<td></td>
<td>7</td>
<td>Tests.FiledValidation@696da30b</td></tr>
<tr>
<td title='Tests.FiledValidation.cemail_verification_empty()'><b>cemail_verification_empty</b><br>Test class: Tests.FiledValidation</td>
<td></td>
<td>2</td>
<td>Tests.FiledValidation@696da30b</td></tr>
<tr>
<td title='Tests.FiledValidation.cemail_verification_max()'><b>cemail_verification_max</b><br>Test class: Tests.FiledValidation</td>
<td></td>
<td>7</td>
<td>Tests.FiledValidation@696da30b</td></tr>
<tr>
<td title='Tests.FiledValidation.city_verification_empty()'><b>city_verification_empty</b><br>Test class: Tests.FiledValidation</td>
<td></td>
<td>2</td>
<td>Tests.FiledValidation@696da30b</td></tr>
<tr>
<td title='Tests.FiledValidation.email_verification_empty()'><b>email_verification_empty</b><br>Test class: Tests.FiledValidation</td>
<td></td>
<td>2</td>
<td>Tests.FiledValidation@696da30b</td></tr>
<tr>
<td title='Tests.FiledValidation.email_verification_exist()'><b>email_verification_exist</b><br>Test class: Tests.FiledValidation</td>
<td></td>
<td>3</td>
<td>Tests.FiledValidation@696da30b</td></tr>
<tr>
<td title='Tests.FiledValidation.email_verification_max()'><b>email_verification_max</b><br>Test class: Tests.FiledValidation</td>
<td></td>
<td>7</td>
<td>Tests.FiledValidation@696da30b</td></tr>
<tr>
<td title='Tests.FiledValidation.email_verification_valid()'><b>email_verification_valid</b><br>Test class: Tests.FiledValidation</td>
<td></td>
<td>2</td>
<td>Tests.FiledValidation@696da30b</td></tr>
<tr>
<td title='Tests.FiledValidation.firstname_verification_empty()'><b>firstname_verification_empty</b><br>Test class: Tests.FiledValidation</td>
<td></td>
<td>2</td>
<td>Tests.FiledValidation@696da30b</td></tr>
<tr>
<td title='Tests.FiledValidation.firstname_verification_invalid()'><b>firstname_verification_invalid</b><br>Test class: Tests.FiledValidation</td>
<td></td>
<td>2</td>
<td>Tests.FiledValidation@696da30b</td></tr>
<tr>
<td title='Tests.FiledValidation.firstname_verification_max()'><b>firstname_verification_max</b><br>Test class: Tests.FiledValidation</td>
<td></td>
<td>6</td>
<td>Tests.FiledValidation@696da30b</td></tr>
<tr>
<td title='Tests.FiledValidation.firstname_verification_min()'><b>firstname_verification_min</b><br>Test class: Tests.FiledValidation</td>
<td></td>
<td>5</td>
<td>Tests.FiledValidation@696da30b</td></tr>
<tr>
<td title='Tests.FiledValidation.lastname_verification_empty()'><b>lastname_verification_empty</b><br>Test class: Tests.FiledValidation</td>
<td></td>
<td>2</td>
<td>Tests.FiledValidation@696da30b</td></tr>
<tr>
<td title='Tests.FiledValidation.lastname_verification_invalid()'><b>lastname_verification_invalid</b><br>Test class: Tests.FiledValidation</td>
<td></td>
<td>2</td>
<td>Tests.FiledValidation@696da30b</td></tr>
<tr>
<td title='Tests.FiledValidation.lastname_verification_max()'><b>lastname_verification_max</b><br>Test class: Tests.FiledValidation</td>
<td></td>
<td>6</td>
<td>Tests.FiledValidation@696da30b</td></tr>
<tr>
<td title='Tests.FiledValidation.lastname_verification_min()'><b>lastname_verification_min</b><br>Test class: Tests.FiledValidation</td>
<td></td>
<td>5</td>
<td>Tests.FiledValidation@696da30b</td></tr>
<tr>
<td title='Tests.FiledValidation.username_verification_empty()'><b>username_verification_empty</b><br>Test class: Tests.FiledValidation</td>
<td></td>
<td>2</td>
<td>Tests.FiledValidation@696da30b</td></tr>
<tr>
<td title='Tests.FiledValidation.username_verification_exist()'><b>username_verification_exist</b><br>Test class: Tests.FiledValidation</td>
<td></td>
<td>2</td>
<td>Tests.FiledValidation@696da30b</td></tr>
<tr>
<td title='Tests.FiledValidation.username_verification_max()'><b>username_verification_max</b><br>Test class: Tests.FiledValidation</td>
<td></td>
<td>2</td>
<td>Tests.FiledValidation@696da30b</td></tr>
<tr>
<td title='Tests.FiledValidation.username_verification_min()'><b>username_verification_min</b><br>Test class: Tests.FiledValidation</td>
<td></td>
<td>2</td>
<td>Tests.FiledValidation@696da30b</td></tr>
<tr>
<td title='Tests.FiledValidation.username_verification_valid()'><b>username_verification_valid</b><br>Test class: Tests.FiledValidation</td>
<td></td>
<td>2</td>
<td>Tests.FiledValidation@696da30b</td></tr>
</table><p>
</body>
</html>