<?xml version="1.0" encoding="UTF-8"?>
<testng-results skipped="0" failed="2" total="26" passed="24">
  <reporter-output>
  </reporter-output>
  <suite name="Default suite" duration-ms="128843" started-at="2014-08-26T10:36:48Z" finished-at="2014-08-26T10:38:57Z">
    <groups>
    </groups>
    <test name="Default test" duration-ms="128843" started-at="2014-08-26T10:36:48Z" finished-at="2014-08-26T10:38:57Z">
      <class name="Tests.FiledValidation">
        <test-method status="PASS" signature="beforeTest()[pri:0, instance:Tests.FiledValidation@696da30b]" name="beforeTest" is-config="true" duration-ms="20203" started-at="2014-08-26T16:06:48Z" finished-at="2014-08-26T16:07:09Z">
          <reporter-output>
          </reporter-output>
        </test-method> <!-- beforeTest -->
        <test-method status="PASS" signature="username_verification_empty()[pri:0, instance:Tests.FiledValidation@696da30b]" name="username_verification_empty" duration-ms="2543" started-at="2014-08-26T16:07:09Z" finished-at="2014-08-26T16:07:11Z">
          <reporter-output>
          </reporter-output>
        </test-method> <!-- username_verification_empty -->
        <test-method status="PASS" signature="username_verification_exist()[pri:0, instance:Tests.FiledValidation@696da30b]" name="username_verification_exist" duration-ms="2908" started-at="2014-08-26T16:07:11Z" finished-at="2014-08-26T16:07:14Z">
          <reporter-output>
          </reporter-output>
        </test-method> <!-- username_verification_exist -->
        <test-method status="PASS" signature="username_verification_min()[pri:0, instance:Tests.FiledValidation@696da30b]" name="username_verification_min" duration-ms="2439" started-at="2014-08-26T16:07:14Z" finished-at="2014-08-26T16:07:17Z">
          <reporter-output>
          </reporter-output>
        </test-method> <!-- username_verification_min -->
        <test-method status="PASS" signature="username_verification_max()[pri:0, instance:Tests.FiledValidation@696da30b]" name="username_verification_max" duration-ms="2524" started-at="2014-08-26T16:07:17Z" finished-at="2014-08-26T16:07:19Z">
          <reporter-output>
          </reporter-output>
        </test-method> <!-- username_verification_max -->
        <test-method status="PASS" signature="username_verification_valid()[pri:0, instance:Tests.FiledValidation@696da30b]" name="username_verification_valid" duration-ms="2567" started-at="2014-08-26T16:07:19Z" finished-at="2014-08-26T16:07:22Z">
          <reporter-output>
          </reporter-output>
        </test-method> <!-- username_verification_valid -->
        <test-method status="PASS" signature="email_verification_empty()[pri:0, instance:Tests.FiledValidation@696da30b]" name="email_verification_empty" duration-ms="2249" started-at="2014-08-26T16:07:22Z" finished-at="2014-08-26T16:07:24Z">
          <reporter-output>
          </reporter-output>
        </test-method> <!-- email_verification_empty -->
        <test-method status="PASS" signature="email_verification_exist()[pri:0, instance:Tests.FiledValidation@696da30b]" name="email_verification_exist" duration-ms="3360" started-at="2014-08-26T16:07:24Z" finished-at="2014-08-26T16:07:27Z">
          <reporter-output>
          </reporter-output>
        </test-method> <!-- email_verification_exist -->
        <test-method status="PASS" signature="email_verification_valid()[pri:0, instance:Tests.FiledValidation@696da30b]" name="email_verification_valid" duration-ms="2278" started-at="2014-08-26T16:07:27Z" finished-at="2014-08-26T16:07:30Z">
          <reporter-output>
          </reporter-output>
        </test-method> <!-- email_verification_valid -->
        <test-method status="PASS" signature="email_verification_max()[pri:0, instance:Tests.FiledValidation@696da30b]" name="email_verification_max" duration-ms="7362" started-at="2014-08-26T16:07:30Z" finished-at="2014-08-26T16:07:37Z">
          <reporter-output>
          </reporter-output>
        </test-method> <!-- email_verification_max -->
        <test-method status="PASS" signature="cemail_verification_empty()[pri:0, instance:Tests.FiledValidation@696da30b]" name="cemail_verification_empty" duration-ms="2216" started-at="2014-08-26T16:07:37Z" finished-at="2014-08-26T16:07:39Z">
          <reporter-output>
          </reporter-output>
        </test-method> <!-- cemail_verification_empty -->
        <test-method status="PASS" signature="cemail_verification_max()[pri:0, instance:Tests.FiledValidation@696da30b]" name="cemail_verification_max" duration-ms="7304" started-at="2014-08-26T16:07:39Z" finished-at="2014-08-26T16:07:46Z">
          <reporter-output>
          </reporter-output>
        </test-method> <!-- cemail_verification_max -->
        <test-method status="PASS" signature="firstname_verification_empty()[pri:0, instance:Tests.FiledValidation@696da30b]" name="firstname_verification_empty" duration-ms="2316" started-at="2014-08-26T16:07:46Z" finished-at="2014-08-26T16:07:49Z">
          <reporter-output>
          </reporter-output>
        </test-method> <!-- firstname_verification_empty -->
        <test-method status="PASS" signature="firstname_verification_min()[pri:0, instance:Tests.FiledValidation@696da30b]" name="firstname_verification_min" duration-ms="5617" started-at="2014-08-26T16:07:49Z" finished-at="2014-08-26T16:07:54Z">
          <reporter-output>
          </reporter-output>
        </test-method> <!-- firstname_verification_min -->
        <test-method status="PASS" signature="firstname_verification_invalid()[pri:0, instance:Tests.FiledValidation@696da30b]" name="firstname_verification_invalid" duration-ms="2394" started-at="2014-08-26T16:07:54Z" finished-at="2014-08-26T16:07:57Z">
          <reporter-output>
          </reporter-output>
        </test-method> <!-- firstname_verification_invalid -->
        <test-method status="PASS" signature="firstname_verification_max()[pri:0, instance:Tests.FiledValidation@696da30b]" name="firstname_verification_max" duration-ms="6714" started-at="2014-08-26T16:07:57Z" finished-at="2014-08-26T16:08:03Z">
          <reporter-output>
          </reporter-output>
        </test-method> <!-- firstname_verification_max -->
        <test-method status="PASS" signature="lastname_verification_empty()[pri:0, instance:Tests.FiledValidation@696da30b]" name="lastname_verification_empty" duration-ms="2269" started-at="2014-08-26T16:08:03Z" finished-at="2014-08-26T16:08:06Z">
          <reporter-output>
          </reporter-output>
        </test-method> <!-- lastname_verification_empty -->
        <test-method status="PASS" signature="lastname_verification_min()[pri:0, instance:Tests.FiledValidation@696da30b]" name="lastname_verification_min" duration-ms="5697" started-at="2014-08-26T16:08:06Z" finished-at="2014-08-26T16:08:11Z">
          <reporter-output>
          </reporter-output>
        </test-method> <!-- lastname_verification_min -->
        <test-method status="PASS" signature="lastname_verification_invalid()[pri:0, instance:Tests.FiledValidation@696da30b]" name="lastname_verification_invalid" duration-ms="2314" started-at="2014-08-26T16:08:11Z" finished-at="2014-08-26T16:08:14Z">
          <reporter-output>
          </reporter-output>
        </test-method> <!-- lastname_verification_invalid -->
        <test-method status="PASS" signature="lastname_verification_max()[pri:0, instance:Tests.FiledValidation@696da30b]" name="lastname_verification_max" duration-ms="6729" started-at="2014-08-26T16:08:14Z" finished-at="2014-08-26T16:08:20Z">
          <reporter-output>
          </reporter-output>
        </test-method> <!-- lastname_verification_max -->
        <test-method status="PASS" signature="address1_verification_empty()[pri:0, instance:Tests.FiledValidation@696da30b]" name="address1_verification_empty" duration-ms="2368" started-at="2014-08-26T16:08:20Z" finished-at="2014-08-26T16:08:23Z">
          <reporter-output>
          </reporter-output>
        </test-method> <!-- address1_verification_empty -->
        <test-method status="PASS" signature="address1_verification_min()[pri:0, instance:Tests.FiledValidation@696da30b]" name="address1_verification_min" duration-ms="5725" started-at="2014-08-26T16:08:23Z" finished-at="2014-08-26T16:08:29Z">
          <reporter-output>
          </reporter-output>
        </test-method> <!-- address1_verification_min -->
        <test-method status="PASS" signature="address1_verification_max()[pri:0, instance:Tests.FiledValidation@696da30b]" name="address1_verification_max" duration-ms="7377" started-at="2014-08-26T16:08:29Z" finished-at="2014-08-26T16:08:36Z">
          <reporter-output>
          </reporter-output>
        </test-method> <!-- address1_verification_max -->
        <test-method status="PASS" signature="address2_verification_max()[pri:0, instance:Tests.FiledValidation@696da30b]" name="address2_verification_max" duration-ms="7453" started-at="2014-08-26T16:08:36Z" finished-at="2014-08-26T16:08:43Z">
          <reporter-output>
          </reporter-output>
        </test-method> <!-- address2_verification_max -->
        <test-method status="PASS" signature="city_verification_empty()[pri:0, instance:Tests.FiledValidation@696da30b]" name="city_verification_empty" duration-ms="2343" started-at="2014-08-26T16:08:43Z" finished-at="2014-08-26T16:08:46Z">
          <reporter-output>
          </reporter-output>
        </test-method> <!-- city_verification_empty -->
        <test-method status="FAIL" signature="city_verification_min()[pri:0, instance:Tests.FiledValidation@696da30b]" name="city_verification_min" duration-ms="5778" started-at="2014-08-26T16:08:46Z" finished-at="2014-08-26T16:08:52Z">
          <exception class="java.lang.AssertionError">
            <message>
              <![CDATA[expected:<true> but was:<false>]]>
            </message>
            <full-stacktrace>
              <![CDATA[java.lang.AssertionError: expected:<true> but was:<false>
	at org.testng.AssertJUnit.fail(AssertJUnit.java:59)
	at org.testng.AssertJUnit.failNotEquals(AssertJUnit.java:364)
	at org.testng.AssertJUnit.assertEquals(AssertJUnit.java:80)
	at org.testng.AssertJUnit.assertEquals(AssertJUnit.java:185)
	at org.testng.AssertJUnit.assertEquals(AssertJUnit.java:192)
	at Tests.FiledValidation.city_verification_min(FiledValidation.java:441)
	at sun.reflect.NativeMethodAccessorImpl.invoke0(Native Method)
	at sun.reflect.NativeMethodAccessorImpl.invoke(Unknown Source)
	at sun.reflect.DelegatingMethodAccessorImpl.invoke(Unknown Source)
	at java.lang.reflect.Method.invoke(Unknown Source)
	at org.testng.internal.MethodInvocationHelper.invokeMethod(MethodInvocationHelper.java:84)
	at org.testng.internal.Invoker.invokeMethod(Invoker.java:714)
	at org.testng.internal.Invoker.invokeTestMethod(Invoker.java:901)
	at org.testng.internal.Invoker.invokeTestMethods(Invoker.java:1231)
	at org.testng.internal.TestMethodWorker.invokeTestMethods(TestMethodWorker.java:127)
	at org.testng.internal.TestMethodWorker.run(TestMethodWorker.java:111)
	at org.testng.TestRunner.privateRun(TestRunner.java:767)
	at org.testng.TestRunner.run(TestRunner.java:617)
	at org.testng.SuiteRunner.runTest(SuiteRunner.java:334)
	at org.testng.SuiteRunner.runSequentially(SuiteRunner.java:329)
	at org.testng.SuiteRunner.privateRun(SuiteRunner.java:291)
	at org.testng.SuiteRunner.run(SuiteRunner.java:240)
	at org.testng.SuiteRunnerWorker.runSuite(SuiteRunnerWorker.java:52)
	at org.testng.SuiteRunnerWorker.run(SuiteRunnerWorker.java:86)
	at org.testng.TestNG.runSuitesSequentially(TestNG.java:1224)
	at org.testng.TestNG.runSuitesLocally(TestNG.java:1149)
	at org.testng.TestNG.run(TestNG.java:1057)
	at org.testng.remote.RemoteTestNG.run(RemoteTestNG.java:111)
	at org.testng.remote.RemoteTestNG.initAndRun(RemoteTestNG.java:204)
	at org.testng.remote.RemoteTestNG.main(RemoteTestNG.java:175)
]]>
            </full-stacktrace>
          </exception> <!-- java.lang.AssertionError -->
          <reporter-output>
          </reporter-output>
        </test-method> <!-- city_verification_min -->
        <test-method status="FAIL" signature="city_verification_max()[pri:0, instance:Tests.FiledValidation@696da30b]" name="city_verification_max" duration-ms="3439" started-at="2014-08-26T16:08:52Z" finished-at="2014-08-26T16:08:55Z">
          <exception class="java.lang.AssertionError">
            <message>
              <![CDATA[expected:<> but was:<City may not exceed 128 characters>]]>
            </message>
            <full-stacktrace>
              <![CDATA[java.lang.AssertionError: expected:<> but was:<City may not exceed 128 characters>
	at org.testng.AssertJUnit.assertEquals(AssertJUnit.java:101)
	at org.testng.AssertJUnit.assertEquals(AssertJUnit.java:108)
	at Tests.FiledValidation.city_verification_max(FiledValidation.java:456)
	at sun.reflect.NativeMethodAccessorImpl.invoke0(Native Method)
	at sun.reflect.NativeMethodAccessorImpl.invoke(Unknown Source)
	at sun.reflect.DelegatingMethodAccessorImpl.invoke(Unknown Source)
	at java.lang.reflect.Method.invoke(Unknown Source)
	at org.testng.internal.MethodInvocationHelper.invokeMethod(MethodInvocationHelper.java:84)
	at org.testng.internal.Invoker.invokeMethod(Invoker.java:714)
	at org.testng.internal.Invoker.invokeTestMethod(Invoker.java:901)
	at org.testng.internal.Invoker.invokeTestMethods(Invoker.java:1231)
	at org.testng.internal.TestMethodWorker.invokeTestMethods(TestMethodWorker.java:127)
	at org.testng.internal.TestMethodWorker.run(TestMethodWorker.java:111)
	at org.testng.TestRunner.privateRun(TestRunner.java:767)
	at org.testng.TestRunner.run(TestRunner.java:617)
	at org.testng.SuiteRunner.runTest(SuiteRunner.java:334)
	at org.testng.SuiteRunner.runSequentially(SuiteRunner.java:329)
	at org.testng.SuiteRunner.privateRun(SuiteRunner.java:291)
	at org.testng.SuiteRunner.run(SuiteRunner.java:240)
	at org.testng.SuiteRunnerWorker.runSuite(SuiteRunnerWorker.java:52)
	at org.testng.SuiteRunnerWorker.run(SuiteRunnerWorker.java:86)
	at org.testng.TestNG.runSuitesSequentially(TestNG.java:1224)
	at org.testng.TestNG.runSuitesLocally(TestNG.java:1149)
	at org.testng.TestNG.run(TestNG.java:1057)
	at org.testng.remote.RemoteTestNG.run(RemoteTestNG.java:111)
	at org.testng.remote.RemoteTestNG.initAndRun(RemoteTestNG.java:204)
	at org.testng.remote.RemoteTestNG.main(RemoteTestNG.java:175)
]]>
            </full-stacktrace>
          </exception> <!-- java.lang.AssertionError -->
          <reporter-output>
          </reporter-output>
        </test-method> <!-- city_verification_max -->
        <test-method status="PASS" signature="afterTest()[pri:0, instance:Tests.FiledValidation@696da30b]" name="afterTest" is-config="true" duration-ms="2294" started-at="2014-08-26T16:08:55Z" finished-at="2014-08-26T16:08:57Z">
          <reporter-output>
          </reporter-output>
        </test-method> <!-- afterTest -->
      </class> <!-- Tests.FiledValidation -->
    </test> <!-- Default test -->
  </suite> <!-- Default suite -->
</testng-results>
